[debug] [2025-09-05T12:54:31.940Z] ----------------------------------------------------------------------
[debug] [2025-09-05T12:54:31.942Z] Command:       /usr/bin/node /usr/bin/firebase init
[debug] [2025-09-05T12:54:31.942Z] CLI Version:   14.15.2
[debug] [2025-09-05T12:54:31.942Z] Platform:      linux
[debug] [2025-09-05T12:54:31.942Z] Node Version:  v24.6.0
[debug] [2025-09-05T12:54:31.942Z] Time:          Fri Sep 05 2025 14:54:31 GMT+0200 (Central European Summer Time)
[debug] [2025-09-05T12:54:31.943Z] ----------------------------------------------------------------------
[debug] 
[debug] [2025-09-05T12:54:32.126Z] > command requires scopes: ["email","openid","https://www.googleapis.com/auth/cloudplatformprojects.readonly","https://www.googleapis.com/auth/firebase","https://www.googleapis.com/auth/cloud-platform"]
[debug] [2025-09-05T12:54:32.127Z] > authorizing via signed-in user (mihalygyori05@gmail.com)
[info] 
     ######## #### ########  ######## ########     ###     ######  ########
     ##        ##  ##     ## ##       ##     ##  ##   ##  ##       ##
     ######    ##  ########  ######   ########  #########  ######  ######
     ##        ##  ##    ##  ##       ##     ## ##     ##       ## ##
     ##       #### ##     ## ######## ########  ##     ##  ######  ########

You're about to initialize a Firebase project in this directory:

  /home/onxy/Documents/Programming/ELTECalendar

Before we get started, keep in mind:

  * You are initializing within an existing Firebase project directory

[info] 
=== Project Setup
[info] 
[info] First, let's associate this project directory with a Firebase project.
[info] You can create multiple project aliases by running firebase use --add, 
[info] but for now we'll just set up a default project.
[info] 
[debug] [2025-09-05T12:55:36.703Z] Using project from CLI flag: elte-calendar-61bb3
[debug] [2025-09-05T12:55:36.705Z] Checked if tokens are valid: true, expires at: 1757079910827
[debug] [2025-09-05T12:55:36.706Z] Checked if tokens are valid: true, expires at: 1757079910827
[debug] [2025-09-05T12:55:36.707Z] >>> [apiv2][query] GET https://firebase.googleapis.com/v1beta1/projects/elte-calendar-61bb3 [none]
[debug] [2025-09-05T12:55:37.275Z] <<< [apiv2][status] GET https://firebase.googleapis.com/v1beta1/projects/elte-calendar-61bb3 200
[debug] [2025-09-05T12:55:37.276Z] <<< [apiv2][body] GET https://firebase.googleapis.com/v1beta1/projects/elte-calendar-61bb3 {"projectId":"elte-calendar-61bb3","projectNumber":"971124387883","displayName":"elte-calendar","name":"projects/elte-calendar-61bb3","resources":{"hostingSite":"elte-calendar-61bb3"},"state":"ACTIVE","etag":"1_6b4c5668-8d60-44de-bb7c-fc3dbd5a5b92"}
[info] i  Using project elte-calendar-61bb3 (elte-calendar) 
[info] 
=== App Hosting Setup
[debug] [2025-09-05T12:55:37.570Z] Checked if tokens are valid: true, expires at: 1757079910827
[debug] [2025-09-05T12:55:37.571Z] Checked if tokens are valid: true, expires at: 1757079910827
[debug] [2025-09-05T12:55:37.571Z] >>> [apiv2][query] GET https://cloudbilling.googleapis.com/v1/projects/elte-calendar-61bb3/billingInfo [none]
[debug] [2025-09-05T12:55:38.138Z] <<< [apiv2][status] GET https://cloudbilling.googleapis.com/v1/projects/elte-calendar-61bb3/billingInfo 200
[debug] [2025-09-05T12:55:38.138Z] <<< [apiv2][body] GET https://cloudbilling.googleapis.com/v1/projects/elte-calendar-61bb3/billingInfo {"name":"projects/elte-calendar-61bb3/billingInfo","projectId":"elte-calendar-61bb3","billingAccountName":"billingAccounts/01C7AA-E89400-6DE319","billingEnabled":true}
[debug] [2025-09-05T12:55:38.140Z] Checked if tokens are valid: true, expires at: 1757079910827
[debug] [2025-09-05T12:55:38.140Z] Checked if tokens are valid: true, expires at: 1757079910827
[debug] [2025-09-05T12:55:38.140Z] >>> [apiv2][query] POST https://iam.googleapis.com/v1/projects/elte-calendar-61bb3/serviceAccounts/firebase-app-hosting-compute@elte-calendar-61bb3.iam.gserviceaccount.com:testIamPermissions [none]
[debug] [2025-09-05T12:55:38.141Z] >>> [apiv2][(partial)header] POST https://iam.googleapis.com/v1/projects/elte-calendar-61bb3/serviceAccounts/firebase-app-hosting-compute@elte-calendar-61bb3.iam.gserviceaccount.com:testIamPermissions x-goog-quota-user=projects/elte-calendar-61bb3
[debug] [2025-09-05T12:55:38.141Z] >>> [apiv2][body] POST https://iam.googleapis.com/v1/projects/elte-calendar-61bb3/serviceAccounts/firebase-app-hosting-compute@elte-calendar-61bb3.iam.gserviceaccount.com:testIamPermissions {"permissions":["iam.serviceAccounts.actAs"]}
[debug] [2025-09-05T12:55:39.311Z] <<< [apiv2][status] POST https://iam.googleapis.com/v1/projects/elte-calendar-61bb3/serviceAccounts/firebase-app-hosting-compute@elte-calendar-61bb3.iam.gserviceaccount.com:testIamPermissions 200
[debug] [2025-09-05T12:55:39.311Z] <<< [apiv2][body] POST https://iam.googleapis.com/v1/projects/elte-calendar-61bb3/serviceAccounts/firebase-app-hosting-compute@elte-calendar-61bb3.iam.gserviceaccount.com:testIamPermissions {"permissions":["iam.serviceAccounts.actAs"]}
[debug] [2025-09-05T12:55:39.312Z] Checked if tokens are valid: true, expires at: 1757079910827
[debug] [2025-09-05T12:55:39.312Z] Checked if tokens are valid: true, expires at: 1757079910827
[debug] [2025-09-05T12:55:39.312Z] >>> [apiv2][query] POST https://iam.googleapis.com/v1/projects/elte-calendar-61bb3/serviceAccounts [none]
[debug] [2025-09-05T12:55:39.312Z] >>> [apiv2][body] POST https://iam.googleapis.com/v1/projects/elte-calendar-61bb3/serviceAccounts {"accountId":"firebase-app-hosting-compute","serviceAccount":{"displayName":"Firebase App Hosting compute service account","description":"Default service account used to run builds and deploys for Firebase App Hosting"}}
[debug] [2025-09-05T12:55:39.721Z] <<< [apiv2][status] POST https://iam.googleapis.com/v1/projects/elte-calendar-61bb3/serviceAccounts 409
[debug] [2025-09-05T12:55:39.722Z] <<< [apiv2][body] POST https://iam.googleapis.com/v1/projects/elte-calendar-61bb3/serviceAccounts [omitted]
[debug] [2025-09-05T12:55:39.723Z] Checked if tokens are valid: true, expires at: 1757079910827
[debug] [2025-09-05T12:55:39.723Z] Checked if tokens are valid: true, expires at: 1757079910827
[debug] [2025-09-05T12:55:39.723Z] >>> [apiv2][query] POST https://cloudresourcemanager.googleapis.com/v1/projects/elte-calendar-61bb3:getIamPolicy [none]
[debug] [2025-09-05T12:55:40.949Z] <<< [apiv2][status] POST https://cloudresourcemanager.googleapis.com/v1/projects/elte-calendar-61bb3:getIamPolicy 200
[debug] [2025-09-05T12:55:40.950Z] <<< [apiv2][body] POST https://cloudresourcemanager.googleapis.com/v1/projects/elte-calendar-61bb3:getIamPolicy {"version":1,"etag":"BwY+DVQ6HA0=","bindings":[{"role":"roles/cloudbuild.builds.builder","members":["serviceAccount:971124387883@cloudbuild.gserviceaccount.com"]},{"role":"roles/cloudbuild.serviceAgent","members":["serviceAccount:service-971124387883@gcp-sa-cloudbuild.iam.gserviceaccount.com"]},{"role":"roles/cloudfunctions.serviceAgent","members":["serviceAccount:service-971124387883@gcf-admin-robot.iam.gserviceaccount.com"]},{"role":"roles/containerregistry.ServiceAgent","members":["serviceAccount:service-971124387883@containerregistry.iam.gserviceaccount.com"]},{"role":"roles/developerconnect.readTokenAccessor","members":["serviceAccount:firebase-app-hosting-compute@elte-calendar-61bb3.iam.gserviceaccount.com"]},{"role":"roles/editor","members":["serviceAccount:971124387883-compute@developer.gserviceaccount.com","serviceAccount:elte-calendar-61bb3@appspot.gserviceaccount.com"]},{"role":"roles/firebase.managementServiceAgent","members":["serviceAccount:service-971124387883@gcp-sa-firebase.iam.gserviceaccount.com"]},{"role":"roles/firebase.sdkAdminServiceAgent","members":["serviceAccount:firebase-adminsdk-fbsvc@elte-calendar-61bb3.iam.gserviceaccount.com","serviceAccount:firebase-app-hosting-compute@elte-calendar-61bb3.iam.gserviceaccount.com"]},{"role":"roles/firebaseapphosting.computeRunner","members":["serviceAccount:firebase-app-hosting-compute@elte-calendar-61bb3.iam.gserviceaccount.com"]},{"role":"roles/firebaseapphosting.serviceAgent","members":["serviceAccount:service-971124387883@gcp-sa-firebaseapphosting.iam.gserviceaccount.com"]},{"role":"roles/firebaserules.system","members":["serviceAccount:service-971124387883@firebase-rules.iam.gserviceaccount.com"]},{"role":"roles/firebasestorage.serviceAgent","members":["serviceAccount:service-971124387883@gcp-sa-firebasestorage.iam.gserviceaccount.com"]},{"role":"roles/firestore.serviceAgent","members":["serviceAccount:service-971124387883@gcp-sa-firestore.iam.gserviceaccount.com"]},{"role":"roles/iam.serviceAccountTokenCreator","members":["serviceAccount:firebase-adminsdk-fbsvc@elte-calendar-61bb3.iam.gserviceaccount.com"]},{"role":"roles/owner","members":["user:mihalygyori05@gmail.com"]},{"role":"roles/run.serviceAgent","members":["serviceAccount:service-971124387883@serverless-robot-prod.iam.gserviceaccount.com"]},{"role":"roles/storage.admin","members":["serviceAccount:firebase-adminsdk-fbsvc@elte-calendar-61bb3.iam.gserviceaccount.com"]},{"role":"roles/storage.objectViewer","members":["serviceAccount:firebase-app-hosting-compute@elte-calendar-61bb3.iam.gserviceaccount.com"]}]}
[debug] [2025-09-05T12:55:40.951Z] Checked if tokens are valid: true, expires at: 1757079910827
[debug] [2025-09-05T12:55:40.951Z] Checked if tokens are valid: true, expires at: 1757079910827
[debug] [2025-09-05T12:55:40.951Z] >>> [apiv2][query] POST https://cloudresourcemanager.googleapis.com/v1/projects/elte-calendar-61bb3:setIamPolicy [none]
[debug] [2025-09-05T12:55:40.952Z] >>> [apiv2][body] POST https://cloudresourcemanager.googleapis.com/v1/projects/elte-calendar-61bb3:setIamPolicy {"policy":{"version":1,"etag":"BwY+DVQ6HA0=","bindings":[{"role":"roles/cloudbuild.builds.builder","members":["serviceAccount:971124387883@cloudbuild.gserviceaccount.com"]},{"role":"roles/cloudbuild.serviceAgent","members":["serviceAccount:service-971124387883@gcp-sa-cloudbuild.iam.gserviceaccount.com"]},{"role":"roles/cloudfunctions.serviceAgent","members":["serviceAccount:service-971124387883@gcf-admin-robot.iam.gserviceaccount.com"]},{"role":"roles/containerregistry.ServiceAgent","members":["serviceAccount:service-971124387883@containerregistry.iam.gserviceaccount.com"]},{"role":"roles/developerconnect.readTokenAccessor","members":["serviceAccount:firebase-app-hosting-compute@elte-calendar-61bb3.iam.gserviceaccount.com"]},{"role":"roles/editor","members":["serviceAccount:971124387883-compute@developer.gserviceaccount.com","serviceAccount:elte-calendar-61bb3@appspot.gserviceaccount.com"]},{"role":"roles/firebase.managementServiceAgent","members":["serviceAccount:service-971124387883@gcp-sa-firebase.iam.gserviceaccount.com"]},{"role":"roles/firebase.sdkAdminServiceAgent","members":["serviceAccount:firebase-adminsdk-fbsvc@elte-calendar-61bb3.iam.gserviceaccount.com","serviceAccount:firebase-app-hosting-compute@elte-calendar-61bb3.iam.gserviceaccount.com"]},{"role":"roles/firebaseapphosting.computeRunner","members":["serviceAccount:firebase-app-hosting-compute@elte-calendar-61bb3.iam.gserviceaccount.com"]},{"role":"roles/firebaseapphosting.serviceAgent","members":["serviceAccount:service-971124387883@gcp-sa-firebaseapphosting.iam.gserviceaccount.com"]},{"role":"roles/firebaserules.system","members":["serviceAccount:service-971124387883@firebase-rules.iam.gserviceaccount.com"]},{"role":"roles/firebasestorage.serviceAgent","members":["serviceAccount:service-971124387883@gcp-sa-firebasestorage.iam.gserviceaccount.com"]},{"role":"roles/firestore.serviceAgent","members":["serviceAccount:service-971124387883@gcp-sa-firestore.iam.gserviceaccount.com"]},{"role":"roles/iam.serviceAccountTokenCreator","members":["serviceAccount:firebase-adminsdk-fbsvc@elte-calendar-61bb3.iam.gserviceaccount.com"]},{"role":"roles/owner","members":["user:mihalygyori05@gmail.com"]},{"role":"roles/run.serviceAgent","members":["serviceAccount:service-971124387883@serverless-robot-prod.iam.gserviceaccount.com"]},{"role":"roles/storage.admin","members":["serviceAccount:firebase-adminsdk-fbsvc@elte-calendar-61bb3.iam.gserviceaccount.com"]},{"role":"roles/storage.objectViewer","members":["serviceAccount:firebase-app-hosting-compute@elte-calendar-61bb3.iam.gserviceaccount.com"]}]},"updateMask":"bindings"}
[debug] [2025-09-05T12:55:42.178Z] <<< [apiv2][status] POST https://cloudresourcemanager.googleapis.com/v1/projects/elte-calendar-61bb3:setIamPolicy 200
[debug] [2025-09-05T12:55:42.179Z] <<< [apiv2][body] POST https://cloudresourcemanager.googleapis.com/v1/projects/elte-calendar-61bb3:setIamPolicy {"version":1,"etag":"BwY+DVr5Q8w=","bindings":[{"role":"roles/cloudbuild.builds.builder","members":["serviceAccount:971124387883@cloudbuild.gserviceaccount.com"]},{"role":"roles/cloudbuild.serviceAgent","members":["serviceAccount:service-971124387883@gcp-sa-cloudbuild.iam.gserviceaccount.com"]},{"role":"roles/cloudfunctions.serviceAgent","members":["serviceAccount:service-971124387883@gcf-admin-robot.iam.gserviceaccount.com"]},{"role":"roles/containerregistry.ServiceAgent","members":["serviceAccount:service-971124387883@containerregistry.iam.gserviceaccount.com"]},{"role":"roles/developerconnect.readTokenAccessor","members":["serviceAccount:firebase-app-hosting-compute@elte-calendar-61bb3.iam.gserviceaccount.com"]},{"role":"roles/editor","members":["serviceAccount:971124387883-compute@developer.gserviceaccount.com","serviceAccount:elte-calendar-61bb3@appspot.gserviceaccount.com"]},{"role":"roles/firebase.managementServiceAgent","members":["serviceAccount:service-971124387883@gcp-sa-firebase.iam.gserviceaccount.com"]},{"role":"roles/firebase.sdkAdminServiceAgent","members":["serviceAccount:firebase-adminsdk-fbsvc@elte-calendar-61bb3.iam.gserviceaccount.com","serviceAccount:firebase-app-hosting-compute@elte-calendar-61bb3.iam.gserviceaccount.com"]},{"role":"roles/firebaseapphosting.computeRunner","members":["serviceAccount:firebase-app-hosting-compute@elte-calendar-61bb3.iam.gserviceaccount.com"]},{"role":"roles/firebaseapphosting.serviceAgent","members":["serviceAccount:service-971124387883@gcp-sa-firebaseapphosting.iam.gserviceaccount.com"]},{"role":"roles/firebaserules.system","members":["serviceAccount:service-971124387883@firebase-rules.iam.gserviceaccount.com"]},{"role":"roles/firebasestorage.serviceAgent","members":["serviceAccount:service-971124387883@gcp-sa-firebasestorage.iam.gserviceaccount.com"]},{"role":"roles/firestore.serviceAgent","members":["serviceAccount:service-971124387883@gcp-sa-firestore.iam.gserviceaccount.com"]},{"role":"roles/iam.serviceAccountTokenCreator","members":["serviceAccount:firebase-adminsdk-fbsvc@elte-calendar-61bb3.iam.gserviceaccount.com"]},{"role":"roles/owner","members":["user:mihalygyori05@gmail.com"]},{"role":"roles/run.serviceAgent","members":["serviceAccount:service-971124387883@serverless-robot-prod.iam.gserviceaccount.com"]},{"role":"roles/storage.admin","members":["serviceAccount:firebase-adminsdk-fbsvc@elte-calendar-61bb3.iam.gserviceaccount.com"]},{"role":"roles/storage.objectViewer","members":["serviceAccount:firebase-app-hosting-compute@elte-calendar-61bb3.iam.gserviceaccount.com"]}]}
[info] i  This command links your local project to Firebase App Hosting. You will be able to deploy your web app with `firebase deploy` after setup. 
[info] i  === Set up your backend 
[debug] [2025-09-05T12:55:46.454Z] Checked if tokens are valid: true, expires at: 1757079910827
[debug] [2025-09-05T12:55:46.454Z] Checked if tokens are valid: true, expires at: 1757079910827
[debug] [2025-09-05T12:55:46.455Z] >>> [apiv2][query] GET https://firebaseapphosting.googleapis.com/v1beta/projects/elte-calendar-61bb3/locations 
[debug] [2025-09-05T12:55:47.707Z] <<< [apiv2][status] GET https://firebaseapphosting.googleapis.com/v1beta/projects/elte-calendar-61bb3/locations 200
[debug] [2025-09-05T12:55:47.708Z] <<< [apiv2][body] GET https://firebaseapphosting.googleapis.com/v1beta/projects/elte-calendar-61bb3/locations {"locations":[{"name":"projects/elte-calendar-61bb3/locations/asia-east1","locationId":"asia-east1","displayName":"Taiwan"},{"name":"projects/elte-calendar-61bb3/locations/europe-west4","locationId":"europe-west4","displayName":"Netherlands"},{"name":"projects/elte-calendar-61bb3/locations/us-central1","locationId":"us-central1","displayName":"Iowa"}]}
[info] ✔  Location set to europe-west4.
 
[debug] [2025-09-05T12:58:32.654Z] Checked if tokens are valid: true, expires at: 1757079910827
[debug] [2025-09-05T12:58:32.654Z] Checked if tokens are valid: true, expires at: 1757079910827
[debug] [2025-09-05T12:58:32.655Z] >>> [apiv2][query] GET https://firebaseapphosting.googleapis.com/v1beta/projects/elte-calendar-61bb3/locations/europe-west4/backends/eltecalendar [none]
[debug] [2025-09-05T12:58:33.185Z] <<< [apiv2][status] GET https://firebaseapphosting.googleapis.com/v1beta/projects/elte-calendar-61bb3/locations/europe-west4/backends/eltecalendar 404
[debug] [2025-09-05T12:58:33.185Z] <<< [apiv2][body] GET https://firebaseapphosting.googleapis.com/v1beta/projects/elte-calendar-61bb3/locations/europe-west4/backends/eltecalendar {"error":{"code":404,"message":"Resource 'projects/elte-calendar-61bb3/locations/europe-west4/backends/eltecalendar' was not found","status":"NOT_FOUND","details":[{"@type":"type.googleapis.com/google.rpc.ResourceInfo","resourceName":"projects/elte-calendar-61bb3/locations/europe-west4/backends/eltecalendar"}]}}
[info] ✔  Name set to eltecalendar
 
[debug] [2025-09-05T12:58:33.187Z] Checked if tokens are valid: true, expires at: 1757079910827
[debug] [2025-09-05T12:58:33.187Z] Checked if tokens are valid: true, expires at: 1757079910827
[debug] [2025-09-05T12:58:33.187Z] >>> [apiv2][query] GET https://firebase.googleapis.com/v1beta1/projects/elte-calendar-61bb3/webApps pageSize=100
[debug] [2025-09-05T12:58:33.901Z] <<< [apiv2][status] GET https://firebase.googleapis.com/v1beta1/projects/elte-calendar-61bb3/webApps 200
[debug] [2025-09-05T12:58:33.901Z] <<< [apiv2][body] GET https://firebase.googleapis.com/v1beta1/projects/elte-calendar-61bb3/webApps {"apps":[{"name":"projects/elte-calendar-61bb3/webApps/1:971124387883:web:620dda2152c9ec032a7a6e","appId":"1:971124387883:web:620dda2152c9ec032a7a6e","displayName":"ELTE Calendar","projectId":"elte-calendar-61bb3","webId":"N2QyNWZkNDctODcyMi00OWU1LTkzY2UtYjM1NzYxMWRlNjhi","apiKeyId":"9f22af9f-d3b0-4680-8c0d-2a396fc00fde","state":"ACTIVE","expireTime":"1970-01-01T00:00:00Z","etag":"1_c6848d38-7e8f-4a54-8f6b-efb6c67f5c93"},{"name":"projects/elte-calendar-61bb3/webApps/1:971124387883:web:e099594d7c1b7af92a7a6e","appId":"1:971124387883:web:e099594d7c1b7af92a7a6e","displayName":"ELTECalendar","projectId":"elte-calendar-61bb3","webId":"Nzc0ZGJiYmMtNGNkMi00ZDNhLTljZDItNjBjMDBlNThiNzNl","apiKeyId":"9f22af9f-d3b0-4680-8c0d-2a396fc00fde","state":"ACTIVE","expireTime":"1970-01-01T00:00:00Z","etag":"1_12ab0acd-1fd1-4ec5-99cf-8e2fb3fcd585"}]}
[debug] [2025-09-05T12:58:33.902Z] Checked if tokens are valid: true, expires at: 1757079910827
[debug] [2025-09-05T12:58:33.902Z] Checked if tokens are valid: true, expires at: 1757079910827
[debug] [2025-09-05T12:58:33.903Z] >>> [apiv2][query] GET https://firebase.googleapis.com/v1beta1/projects/elte-calendar-61bb3/webApps pageSize=100
[debug] [2025-09-05T12:58:34.200Z] <<< [apiv2][status] GET https://firebase.googleapis.com/v1beta1/projects/elte-calendar-61bb3/webApps 200
[debug] [2025-09-05T12:58:34.201Z] <<< [apiv2][body] GET https://firebase.googleapis.com/v1beta1/projects/elte-calendar-61bb3/webApps {"apps":[{"name":"projects/elte-calendar-61bb3/webApps/1:971124387883:web:620dda2152c9ec032a7a6e","appId":"1:971124387883:web:620dda2152c9ec032a7a6e","displayName":"ELTE Calendar","projectId":"elte-calendar-61bb3","webId":"N2QyNWZkNDctODcyMi00OWU1LTkzY2UtYjM1NzYxMWRlNjhi","apiKeyId":"9f22af9f-d3b0-4680-8c0d-2a396fc00fde","state":"ACTIVE","expireTime":"1970-01-01T00:00:00Z","etag":"1_c6848d38-7e8f-4a54-8f6b-efb6c67f5c93"},{"name":"projects/elte-calendar-61bb3/webApps/1:971124387883:web:e099594d7c1b7af92a7a6e","appId":"1:971124387883:web:e099594d7c1b7af92a7a6e","displayName":"ELTECalendar","projectId":"elte-calendar-61bb3","webId":"Nzc0ZGJiYmMtNGNkMi00ZDNhLTljZDItNjBjMDBlNThiNzNl","apiKeyId":"9f22af9f-d3b0-4680-8c0d-2a396fc00fde","state":"ACTIVE","expireTime":"1970-01-01T00:00:00Z","etag":"1_12ab0acd-1fd1-4ec5-99cf-8e2fb3fcd585"}]}
[debug] [2025-09-05T12:58:34.201Z] Checked if tokens are valid: true, expires at: 1757079910827
[debug] [2025-09-05T12:58:34.202Z] Checked if tokens are valid: true, expires at: 1757079910827
[debug] [2025-09-05T12:58:34.202Z] >>> [apiv2][query] POST https://firebase.googleapis.com/v1beta1/projects/elte-calendar-61bb3/webApps [none]
[debug] [2025-09-05T12:58:34.202Z] >>> [apiv2][body] POST https://firebase.googleapis.com/v1beta1/projects/elte-calendar-61bb3/webApps {"displayName":"eltecalendar"}
[debug] [2025-09-05T12:58:35.436Z] <<< [apiv2][status] POST https://firebase.googleapis.com/v1beta1/projects/elte-calendar-61bb3/webApps 200
[debug] [2025-09-05T12:58:35.437Z] <<< [apiv2][body] POST https://firebase.googleapis.com/v1beta1/projects/elte-calendar-61bb3/webApps {"name":"operations/workflows/NGJkM2FhOGEtNjlmYi00ZmY2LTk4OTQtNDI3MDM3OThlZDM2"}
[debug] [2025-09-05T12:58:35.439Z] Checked if tokens are valid: true, expires at: 1757079910827
[debug] [2025-09-05T12:58:35.439Z] Checked if tokens are valid: true, expires at: 1757079910827
[debug] [2025-09-05T12:58:35.439Z] >>> [apiv2][query] GET https://firebase.googleapis.com/v1beta1/operations/workflows/NGJkM2FhOGEtNjlmYi00ZmY2LTk4OTQtNDI3MDM3OThlZDM2 [none]
[debug] [2025-09-05T12:58:36.051Z] <<< [apiv2][status] GET https://firebase.googleapis.com/v1beta1/operations/workflows/NGJkM2FhOGEtNjlmYi00ZmY2LTk4OTQtNDI3MDM3OThlZDM2 200
[debug] [2025-09-05T12:58:36.051Z] <<< [apiv2][body] GET https://firebase.googleapis.com/v1beta1/operations/workflows/NGJkM2FhOGEtNjlmYi00ZmY2LTk4OTQtNDI3MDM3OThlZDM2 {"name":"operations/workflows/NGJkM2FhOGEtNjlmYi00ZmY2LTk4OTQtNDI3MDM3OThlZDM2"}
[debug] [2025-09-05T12:58:36.553Z] [Create Web app Poller] Retrying task index 0
[debug] [2025-09-05T12:58:36.553Z] Checked if tokens are valid: true, expires at: 1757079910827
[debug] [2025-09-05T12:58:36.554Z] Checked if tokens are valid: true, expires at: 1757079910827
[debug] [2025-09-05T12:58:36.554Z] >>> [apiv2][query] GET https://firebase.googleapis.com/v1beta1/operations/workflows/NGJkM2FhOGEtNjlmYi00ZmY2LTk4OTQtNDI3MDM3OThlZDM2 [none]
[debug] [2025-09-05T12:58:37.074Z] <<< [apiv2][status] GET https://firebase.googleapis.com/v1beta1/operations/workflows/NGJkM2FhOGEtNjlmYi00ZmY2LTk4OTQtNDI3MDM3OThlZDM2 200
[debug] [2025-09-05T12:58:37.074Z] <<< [apiv2][body] GET https://firebase.googleapis.com/v1beta1/operations/workflows/NGJkM2FhOGEtNjlmYi00ZmY2LTk4OTQtNDI3MDM3OThlZDM2 {"name":"operations/workflows/NGJkM2FhOGEtNjlmYi00ZmY2LTk4OTQtNDI3MDM3OThlZDM2"}
[debug] [2025-09-05T12:58:38.075Z] [Create Web app Poller] Retrying task index 0
[debug] [2025-09-05T12:58:38.075Z] Checked if tokens are valid: true, expires at: 1757079910827
[debug] [2025-09-05T12:58:38.076Z] Checked if tokens are valid: true, expires at: 1757079910827
[debug] [2025-09-05T12:58:38.076Z] >>> [apiv2][query] GET https://firebase.googleapis.com/v1beta1/operations/workflows/NGJkM2FhOGEtNjlmYi00ZmY2LTk4OTQtNDI3MDM3OThlZDM2 [none]
[debug] [2025-09-05T12:58:38.610Z] <<< [apiv2][status] GET https://firebase.googleapis.com/v1beta1/operations/workflows/NGJkM2FhOGEtNjlmYi00ZmY2LTk4OTQtNDI3MDM3OThlZDM2 200
[debug] [2025-09-05T12:58:38.611Z] <<< [apiv2][body] GET https://firebase.googleapis.com/v1beta1/operations/workflows/NGJkM2FhOGEtNjlmYi00ZmY2LTk4OTQtNDI3MDM3OThlZDM2 {"name":"operations/workflows/NGJkM2FhOGEtNjlmYi00ZmY2LTk4OTQtNDI3MDM3OThlZDM2"}
[debug] [2025-09-05T12:58:40.612Z] [Create Web app Poller] Retrying task index 0
[debug] [2025-09-05T12:58:40.613Z] Checked if tokens are valid: true, expires at: 1757079910827
[debug] [2025-09-05T12:58:40.613Z] Checked if tokens are valid: true, expires at: 1757079910827
[debug] [2025-09-05T12:58:40.613Z] >>> [apiv2][query] GET https://firebase.googleapis.com/v1beta1/operations/workflows/NGJkM2FhOGEtNjlmYi00ZmY2LTk4OTQtNDI3MDM3OThlZDM2 [none]
[debug] [2025-09-05T12:58:40.966Z] <<< [apiv2][status] GET https://firebase.googleapis.com/v1beta1/operations/workflows/NGJkM2FhOGEtNjlmYi00ZmY2LTk4OTQtNDI3MDM3OThlZDM2 200
[debug] [2025-09-05T12:58:40.966Z] <<< [apiv2][body] GET https://firebase.googleapis.com/v1beta1/operations/workflows/NGJkM2FhOGEtNjlmYi00ZmY2LTk4OTQtNDI3MDM3OThlZDM2 {"name":"operations/workflows/NGJkM2FhOGEtNjlmYi00ZmY2LTk4OTQtNDI3MDM3OThlZDM2","done":true,"response":{"@type":"type.googleapis.com/google.firebase.service.v1beta1.WebApp","name":"projects/elte-calendar-61bb3/webApps/1:971124387883:web:67a4f5e4976152c72a7a6e","appId":"1:971124387883:web:67a4f5e4976152c72a7a6e","displayName":"eltecalendar","projectId":"elte-calendar-61bb3","webId":"ZWZiZTljN2YtZjc2Yi00NGRlLTg0OGEtMjUyYjg3ZjNkNmUz","apiKeyId":"9f22af9f-d3b0-4680-8c0d-2a396fc00fde","state":"ACTIVE","expireTime":"1970-01-01T00:00:00Z","etag":"1_b72f797b-ce99-4f75-a7f9-5b8693cdc629"}}
[info] ✔  Created a new Firebase web app named "eltecalendar" 
[debug] [2025-09-05T12:58:40.974Z] Checked if tokens are valid: true, expires at: 1757079910827
[debug] [2025-09-05T12:58:40.974Z] Checked if tokens are valid: true, expires at: 1757079910827
[debug] [2025-09-05T12:58:40.974Z] >>> [apiv2][query] POST https://firebaseapphosting.googleapis.com/v1beta/projects/elte-calendar-61bb3/locations/europe-west4/backends backendId=eltecalendar
[debug] [2025-09-05T12:58:40.974Z] >>> [apiv2][body] POST https://firebaseapphosting.googleapis.com/v1beta/projects/elte-calendar-61bb3/locations/europe-west4/backends {"servingLocality":"GLOBAL_ACCESS","labels":{"deployment-tool":"cli-firebase"},"serviceAccount":"firebase-app-hosting-compute@elte-calendar-61bb3.iam.gserviceaccount.com","appId":"1:971124387883:web:67a4f5e4976152c72a7a6e"}
[debug] [2025-09-05T12:58:42.809Z] <<< [apiv2][status] POST https://firebaseapphosting.googleapis.com/v1beta/projects/elte-calendar-61bb3/locations/europe-west4/backends 200
[debug] [2025-09-05T12:58:42.809Z] <<< [apiv2][body] POST https://firebaseapphosting.googleapis.com/v1beta/projects/elte-calendar-61bb3/locations/europe-west4/backends {"name":"projects/elte-calendar-61bb3/locations/europe-west4/operations/operation-1757077121508-63e0d65aba446-09d80920-396c6901","metadata":{"@type":"type.googleapis.com/google.firebase.apphosting.v1beta.OperationMetadata","createTime":"2025-09-05T12:58:42.784136405Z","target":"projects/elte-calendar-61bb3/locations/europe-west4/backends/eltecalendar","verb":"create","requestedCancellation":false,"apiVersion":"v1beta"},"done":false}
[debug] [2025-09-05T12:58:42.810Z] Checked if tokens are valid: true, expires at: 1757079910827
[debug] [2025-09-05T12:58:42.810Z] Checked if tokens are valid: true, expires at: 1757079910827
[debug] [2025-09-05T12:58:42.810Z] >>> [apiv2][query] GET https://firebaseapphosting.googleapis.com/v1beta/projects/elte-calendar-61bb3/locations/europe-west4/operations/operation-1757077121508-63e0d65aba446-09d80920-396c6901 [none]
[debug] [2025-09-05T12:58:42.923Z] <<< [apiv2][status] GET https://firebaseapphosting.googleapis.com/v1beta/projects/elte-calendar-61bb3/locations/europe-west4/operations/operation-1757077121508-63e0d65aba446-09d80920-396c6901 200
[debug] [2025-09-05T12:58:42.923Z] <<< [apiv2][body] GET https://firebaseapphosting.googleapis.com/v1beta/projects/elte-calendar-61bb3/locations/europe-west4/operations/operation-1757077121508-63e0d65aba446-09d80920-396c6901 {"name":"projects/elte-calendar-61bb3/locations/europe-west4/operations/operation-1757077121508-63e0d65aba446-09d80920-396c6901","metadata":{"@type":"type.googleapis.com/google.firebase.apphosting.v1beta.OperationMetadata","createTime":"2025-09-05T12:58:42.784136405Z","target":"projects/elte-calendar-61bb3/locations/europe-west4/backends/eltecalendar","verb":"create","requestedCancellation":false,"apiVersion":"v1beta"},"done":false}
[debug] [2025-09-05T12:58:43.424Z] [create-elte-calendar-61bb3-europe-west4-eltecalendar] Retrying task index 0
[debug] [2025-09-05T12:58:43.424Z] Checked if tokens are valid: true, expires at: 1757079910827
[debug] [2025-09-05T12:58:43.424Z] Checked if tokens are valid: true, expires at: 1757079910827
[debug] [2025-09-05T12:58:43.424Z] >>> [apiv2][query] GET https://firebaseapphosting.googleapis.com/v1beta/projects/elte-calendar-61bb3/locations/europe-west4/operations/operation-1757077121508-63e0d65aba446-09d80920-396c6901 [none]
[debug] [2025-09-05T12:58:43.526Z] <<< [apiv2][status] GET https://firebaseapphosting.googleapis.com/v1beta/projects/elte-calendar-61bb3/locations/europe-west4/operations/operation-1757077121508-63e0d65aba446-09d80920-396c6901 200
[debug] [2025-09-05T12:58:43.527Z] <<< [apiv2][body] GET https://firebaseapphosting.googleapis.com/v1beta/projects/elte-calendar-61bb3/locations/europe-west4/operations/operation-1757077121508-63e0d65aba446-09d80920-396c6901 {"name":"projects/elte-calendar-61bb3/locations/europe-west4/operations/operation-1757077121508-63e0d65aba446-09d80920-396c6901","metadata":{"@type":"type.googleapis.com/google.firebase.apphosting.v1beta.OperationMetadata","createTime":"2025-09-05T12:58:42.784136405Z","endTime":"2025-09-05T12:58:43.283917647Z","target":"projects/elte-calendar-61bb3/locations/europe-west4/backends/eltecalendar","verb":"create","requestedCancellation":false,"apiVersion":"v1beta"},"done":true,"response":{"@type":"type.googleapis.com/google.firebase.apphosting.v1beta.Backend","name":"projects/elte-calendar-61bb3/locations/europe-west4/backends/eltecalendar","createTime":"2025-09-05T12:58:42.780305817Z","updateTime":"2025-09-05T12:58:43.280420Z","labels":{"deployment-tool":"cli-firebase"},"uri":"eltecalendar--elte-calendar-61bb3.europe-west4.hosted.app","uid":"f849d124-9ed5-48dd-b841-9c21b66ca292","etag":"A7aNcHImyWBMcA7AEWw4GkSR0MGDpvb9da5g-KSQWyo","reconciling":false,"servingLocality":"GLOBAL_ACCESS","serviceAccount":"firebase-app-hosting-compute@elte-calendar-61bb3.iam.gserviceaccount.com","appId":"1:971124387883:web:67a4f5e4976152c72a7a6e"}}
[info] i  === Deploy local source setup 
[info] ✔  Wrote configuration info to firebase.json 
[info] i  Writing default settings to apphosting.yaml... 
[info] ✔  Wrote /home/onxy/Documents/Programming/ELTECalendar/apphosting.yaml 
[info] ✔  Firebase initialization complete! 
[info] 
=== Hosting Setup
[debug] [2025-09-05T12:59:16.090Z] Checked if tokens are valid: true, expires at: 1757079910827
[debug] [2025-09-05T12:59:16.090Z] Checked if tokens are valid: true, expires at: 1757079910827
[debug] [2025-09-05T12:59:16.090Z] >>> [apiv2][query] GET https://firebase.googleapis.com/v1beta1/projects/elte-calendar-61bb3 [none]
[debug] [2025-09-05T12:59:16.608Z] <<< [apiv2][status] GET https://firebase.googleapis.com/v1beta1/projects/elte-calendar-61bb3 200
[debug] [2025-09-05T12:59:16.608Z] <<< [apiv2][body] GET https://firebase.googleapis.com/v1beta1/projects/elte-calendar-61bb3 {"projectId":"elte-calendar-61bb3","projectNumber":"971124387883","displayName":"elte-calendar","name":"projects/elte-calendar-61bb3","resources":{"hostingSite":"elte-calendar-61bb3"},"state":"ACTIVE","etag":"1_66e6d1bb-572d-4372-bbdb-f8cc540d5284"}
[info] 
[info] Your public directory is the folder (relative to your project directory) that
[info] will contain Hosting assets to be uploaded with firebase deploy. If you
[info] have a build process for your assets, use your build's output directory.
[info] 
[debug] [2025-09-05T12:59:46.525Z] >>> [apiv2][query] GET https://www.gstatic.com/firebasejs/releases.json [none]
[debug] [2025-09-05T12:59:46.911Z] <<< [apiv2][status] GET https://www.gstatic.com/firebasejs/releases.json 200
[debug] [2025-09-05T12:59:46.911Z] <<< [apiv2][body] GET https://www.gstatic.com/firebasejs/releases.json {"current":{"version":"12.2.1","browserURL":"https://www.gstatic.com/firebasejs/12.2.1/firebase.js","packageURL":"https://www.gstatic.com/firebasejs/12.2.1/firebase.tgz"},"live":{"version":"12.2","browserURL":"https://www.gstatic.com/firebasejs/live/12.2/firebase.js","packageURL":"https://www.gstatic.com/firebasejs/live/12.2/firebase.tgz"},"components":{"ai":"https://www.gstatic.com/firebasejs/12.2.1/firebase-ai.js","analytics":"https://www.gstatic.com/firebasejs/12.2.1/firebase-analytics.js","app":"https://www.gstatic.com/firebasejs/12.2.1/firebase-app.js","app-check":"https://www.gstatic.com/firebasejs/12.2.1/firebase-app-check.js","auth":"https://www.gstatic.com/firebasejs/12.2.1/firebase-auth.js","auth/cordova":"https://www.gstatic.com/firebasejs/12.2.1/firebase-auth/cordova.js","auth/web-extension":"https://www.gstatic.com/firebasejs/12.2.1/firebase-auth/web-extension.js","functions":"https://www.gstatic.com/firebasejs/12.2.1/firebase-functions.js","firestore":"https://www.gstatic.com/firebasejs/12.2.1/firebase-firestore.js","firestore/lite":"https://www.gstatic.com/firebasejs/12.2.1/firebase-firestore/lite.js","installations":"https://www.gstatic.com/firebasejs/12.2.1/firebase-installations.js","storage":"https://www.gstatic.com/firebasejs/12.2.1/firebase-storage.js","performance":"https://www.gstatic.com/firebasejs/12.2.1/firebase-performance.js","remote-config":"https://www.gstatic.com/firebasejs/12.2.1/firebase-remote-config.js","messaging":"https://www.gstatic.com/firebasejs/12.2.1/firebase-messaging.js","messaging/sw":"https://www.gstatic.com/firebasejs/12.2.1/firebase-messaging/sw.js","database":"https://www.gstatic.com/firebasejs/12.2.1/firebase-database.js","data-connect":"https://www.gstatic.com/firebasejs/12.2.1/firebase-data-connect.js","firestore.memory":"https://www.gstatic.com/firebasejs/12.2.1/firebase-firestore.memory.js"}}
[info] ✔  Wrote public/index.html 
[info] 
[info] i  Didn't detect a .git folder. Assuming /home/onxy/Documents/Programming/ELTECalendar is the project root. 
[info] i  Authorizing with GitHub to upload your service account to a GitHub repository's secrets store. 
[info] 
[info] Visit this URL on this device to log in:
[info] https://github.com/login/oauth/authorize?client_id=89cf50f02ac6aaed3484&state=612596304&redirect_uri=http%3A%2F%2Flocalhost%3A9005&scope=read%3Auser%20repo%20public_repo
[info] 
[info] Waiting for authentication...
[debug] [2025-09-05T13:00:07.100Z] >>> [apiv2][query] POST https://github.com/login/oauth/access_token [none]
[debug] [2025-09-05T13:00:07.101Z] >>> [apiv2][body] POST https://github.com/login/oauth/access_token [stream]
[debug] [2025-09-05T13:00:07.586Z] <<< [apiv2][status] POST https://github.com/login/oauth/access_token 200
[debug] [2025-09-05T13:00:07.586Z] <<< [apiv2][body] POST https://github.com/login/oauth/access_token {"access_token":"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","token_type":"bearer","scope":"read:user,repo"}
[debug] [2025-09-05T13:00:07.592Z] >>> [apiv2][query] GET https://api.github.com/user [none]
[debug] [2025-09-05T13:00:08.064Z] <<< [apiv2][status] GET https://api.github.com/user 200
[debug] [2025-09-05T13:00:08.064Z] <<< [apiv2][body] GET https://api.github.com/user {"login":"Misiix9","id":59147417,"node_id":"MDQ6VXNlcjU5MTQ3NDE3","avatar_url":"https://avatars.githubusercontent.com/u/59147417?v=4","gravatar_id":"","url":"https://api.github.com/users/Misiix9","html_url":"https://github.com/Misiix9","followers_url":"https://api.github.com/users/Misiix9/followers","following_url":"https://api.github.com/users/Misiix9/following{/other_user}","gists_url":"https://api.github.com/users/Misiix9/gists{/gist_id}","starred_url":"https://api.github.com/users/Misiix9/starred{/owner}{/repo}","subscriptions_url":"https://api.github.com/users/Misiix9/subscriptions","organizations_url":"https://api.github.com/users/Misiix9/orgs","repos_url":"https://api.github.com/users/Misiix9/repos","events_url":"https://api.github.com/users/Misiix9/events{/privacy}","received_events_url":"https://api.github.com/users/Misiix9/received_events","type":"User","user_view_type":"private","site_admin":false,"name":"Győri Mihály","company":null,"blog":"","location":"Hungary","email":null,"hireable":true,"bio":null,"twitter_username":null,"notification_email":null,"public_repos":10,"public_gists":0,"followers":0,"following":0,"created_at":"2019-12-22T19:08:45Z","updated_at":"2025-09-05T12:59:47Z","private_gists":0,"total_private_repos":9,"owned_private_repos":9,"disk_usage":101011,"collaborators":0,"two_factor_authentication":true,"plan":{"name":"pro","space":976562499,"collaborators":0,"private_repos":9999}}
[info] 
[info] ✔  Success! Logged into GitHub as Misiix9 
[info] 
[debug] [2025-09-05T13:00:19.412Z] >>> [apiv2][query] GET https://api.github.com/repos//actions/secrets/public-key type=owner
[debug] [2025-09-05T13:00:19.883Z] <<< [apiv2][status] GET https://api.github.com/repos//actions/secrets/public-key 404
[debug] [2025-09-05T13:00:19.883Z] <<< [apiv2][body] GET https://api.github.com/repos//actions/secrets/public-key {"message":"Not Found","documentation_url":"https://docs.github.com/rest","status":"404"}
[info] 
[info] 
[error] ⚠  The provided authorization cannot be used with this repository. If this repository is in an organization, did you remember to grant access? 
[info] 
[info] i  Action required: Visit this URL to ensure access has been granted to the appropriate organization(s) for the Firebase CLI GitHub OAuth App: 
[info] https://github.com/settings/connections/applications/89cf50f02ac6aaed3484
[info] 
[debug] [2025-09-05T13:00:22.662Z] >>> [apiv2][query] GET https://api.github.com/repos/y/actions/secrets/public-key type=owner
[debug] [2025-09-05T13:00:23.056Z] <<< [apiv2][status] GET https://api.github.com/repos/y/actions/secrets/public-key 404
[debug] [2025-09-05T13:00:23.057Z] <<< [apiv2][body] GET https://api.github.com/repos/y/actions/secrets/public-key {"message":"Not Found","documentation_url":"https://docs.github.com/rest","status":"404"}
[info] 
[info] 
[error] ⚠  The provided authorization cannot be used with this repository. If this repository is in an organization, did you remember to grant access? 
[info] 
[info] i  Action required: Visit this URL to ensure access has been granted to the appropriate organization(s) for the Firebase CLI GitHub OAuth App: 
[info] https://github.com/settings/connections/applications/89cf50f02ac6aaed3484
[info] 
